# JRE version: OpenJDK Runtime Environment Temurin-21.0.11+10 (21.0.11+10) (build 21.0.11+10-LTS)
# Java VM: OpenJDK 64-Bit Server VM Temurin-21.0.11+10 (21.0.11+10-LTS, mixed mode, sharing, tiered, compressed oops, compressed class ptrs, parallel gc, windows-amd64)
GC Precious Log:
 CardTable entry size: 512
 CPUs: 16 total, 16 available
 Memory: 16068M
 Large Page Support: Disabled
 NUMA Support: Disabled
 Compressed Oops: Enabled (32-bit)
 Alignments: Space 512K, Generation 512K, Heap 2M
 Heap Min Capacity: 100M
 Heap Initial Capacity: 100M
 Heap Max Capacity: 2G
 Pre-touch: Disabled
 Parallel Workers: 13
Heap:
 PSYoungGen      total 4608K, used 1199K [0x00000000d5580000, 0x00000000d5b00000, 0x0000000100000000)
  eden space 3584K, 16% used [0x00000000d5580000,0x00000000d5613e60,0x00000000d5900000)
  from space 1024K, 59% used [0x00000000d5900000,0x00000000d5998000,0x00000000d5a00000)
  to   space 1024K, 0% used [0x00000000d5a00000,0x00000000d5a00000,0x00000000d5b00000)
 ParOldGen       total 361472K, used 361423K [0x0000000080000000, 0x0000000096100000, 0x00000000d5580000)
  object space 361472K, 99% used [0x0000000080000000,0x00000000960f3eb8,0x0000000096100000)
 Metaspace       used 76168K, committed 77888K, reserved 1179648K
  class space    used 7630K, committed 8384K, reserved 1048576K
GC Heap History (20 events):
Event: 6196.247 GC heap before
{Heap before GC invocations=868 (full 4):
 PSYoungGen      total 4608K, used 4128K [0x00000000d5580000, 0x00000000d5b00000, 0x0000000100000000)
  eden space 3584K, 100% used [0x00000000d5580000,0x00000000d5900000,0x00000000d5900000)
  from space 1024K, 53% used [0x00000000d5900000,0x00000000d5988000,0x00000000d5a00000)
  to   space 1024K, 0% used [0x00000000d5a00000,0x00000000d5a00000,0x00000000d5b00000)
 ParOldGen       total 356352K, used 356128K [0x0000000080000000, 0x0000000095c00000, 0x00000000d5580000)
  object space 356352K, 99% used [0x0000000080000000,0x0000000095bc80e0,0x0000000095c00000)
 Metaspace       used 76156K, committed 77888K, reserved 1179648K
  class space    used 7630K, committed 8384K, reserved 1048576K
}
Event: 6196.249 GC heap after
{Heap after GC invocations=868 (full 4):
 PSYoungGen      total 4608K, used 900K [0x00000000d5580000, 0x00000000d5b00000, 0x0000000100000000)
  eden space 3584K, 0% used [0x00000000d5580000,0x00000000d5580000,0x00000000d5900000)
  from space 1024K, 87% used [0x00000000d5a00000,0x00000000d5ae1210,0x00000000d5b00000)
  to   space 1024K, 0% used [0x00000000d5900000,0x00000000d5900000,0x00000000d5a00000)
 ParOldGen       total 356864K, used 356436K [0x0000000080000000, 0x0000000095c80000, 0x00000000d5580000)
  object space 356864K, 99% used [0x0000000080000000,0x0000000095c15110,0x0000000095c80000)
 Metaspace       used 76156K, committed 77888K, reserved 1179648K
  class space    used 7630K, committed 8384K, reserved 1048576K
}
Event: 6196.253 GC heap before
{Heap before GC invocations=869 (full 4):
 PSYoungGen      total 4608K, used 4484K [0x00000000d5580000, 0x00000000d5b00000, 0x0000000100000000)
  eden space 3584K, 100% used [0x00000000d5580000,0x00000000d5900000,0x00000000d5900000)
  from space 1024K, 87% used [0x00000000d5a00000,0x00000000d5ae1210,0x00000000d5b00000)
  to   space 1024K, 0% used [0x00000000d5900000,0x00000000d5900000,0x00000000d5a00000)
 ParOldGen       total 356864K, used 356436K [0x0000000080000000, 0x0000000095c80000, 0x00000000d5580000)
  object space 356864K, 99% used [0x0000000080000000,0x0000000095c15110,0x0000000095c80000)
 Metaspace       used 76156K, committed 77888K, reserved 1179648K
  class space    used 7630K, committed 8384K, reserved 1048576K
}
Event: 6196.255 GC heap after
{Heap after GC invocations=869 (full 4):
 PSYoungGen      total 4608K, used 650K [0x00000000d5580000, 0x00000000d5b00000, 0x0000000100000000)
  eden space 3584K, 0% used [0x00000000d5580000,0x00000000d5580000,0x00000000d5900000)
  from space 1024K, 63% used [0x00000000d5900000,0x00000000d59a2910,0x00000000d5a00000)
  to   space 1024K, 0% used [0x00000000d5a00000,0x00000000d5a00000,0x00000000d5b00000)
 ParOldGen       total 357376K, used 357165K [0x0000000080000000, 0x0000000095d00000, 0x00000000d5580000)
  object space 357376K, 99% used [0x0000000080000000,0x0000000095ccb5b8,0x0000000095d00000)
 Metaspace       used 76156K, committed 77888K, reserved 1179648K
  class space    used 7630K, committed 8384K, reserved 1048576K
}
Event: 6196.262 GC heap before
{Heap before GC invocations=870 (full 4):
 PSYoungGen      total 4608K, used 4234K [0x00000000d5580000, 0x00000000d5b00000, 0x0000000100000000)
  eden space 3584K, 100% used [0x00000000d5580000,0x00000000d5900000,0x00000000d5900000)
  from space 1024K, 63% used [0x00000000d5900000,0x00000000d59a2910,0x00000000d5a00000)
  to   space 1024K, 0% used [0x00000000d5a00000,0x00000000d5a00000,0x00000000d5b00000)
 ParOldGen       total 357376K, used 357165K [0x0000000080000000, 0x0000000095d00000, 0x00000000d5580000)
  object space 357376K, 99% used [0x0000000080000000,0x0000000095ccb5b8,0x0000000095d00000)
 Metaspace       used 76156K, committed 77888K, reserved 1179648K
  class space    used 7630K, committed 8384K, reserved 1048576K
}
Event: 6196.264 GC heap after
{Heap after GC invocations=870 (full 4):
 PSYoungGen      total 4608K, used 608K [0x00000000d5580000, 0x00000000d5b00000, 0x0000000100000000)
  eden space 3584K, 0% used [0x00000000d5580000,0x00000000d5580000,0x00000000d5900000)
  from space 1024K, 59% used [0x00000000d5a00000,0x00000000d5a98000,0x00000000d5b00000)
  to   space 1024K, 0% used [0x00000000d5900000,0x00000000d5900000,0x00000000d5a00000)
 ParOldGen       total 357888K, used 357693K [0x0000000080000000, 0x0000000095d80000, 0x00000000d5580000)
  object space 357888K, 99% used [0x0000000080000000,0x0000000095d4f7d8,0x0000000095d80000)
 Metaspace       used 76156K, committed 77888K, reserved 1179648K
  class space    used 7630K, committed 8384K, reserved 1048576K
}
Event: 6196.271 GC heap before
{Heap before GC invocations=871 (full 4):
 PSYoungGen      total 4608K, used 4192K [0x00000000d5580000, 0x00000000d5b00000, 0x0000000100000000)
  eden space 3584K, 100% used [0x00000000d5580000,0x00000000d5900000,0x00000000d5900000)
  from space 1024K, 59% used [0x00000000d5a00000,0x00000000d5a98000,0x00000000d5b00000)
  to   space 1024K, 0% used [0x00000000d5900000,0x00000000d5900000,0x00000000d5a00000)
 ParOldGen       total 357888K, used 357693K [0x0000000080000000, 0x0000000095d80000, 0x00000000d5580000)
  object space 357888K, 99% used [0x0000000080000000,0x0000000095d4f7d8,0x0000000095d80000)
 Metaspace       used 76156K, committed 77888K, reserved 1179648K
  class space    used 7630K, committed 8384K, reserved 1048576K
}
Event: 6196.272 GC heap after
{Heap after GC invocations=871 (full 4):
 PSYoungGen      total 4608K, used 608K [0x00000000d5580000, 0x00000000d5b00000, 0x0000000100000000)
  eden space 3584K, 0% used [0x00000000d5580000,0x00000000d5580000,0x00000000d5900000)
  from space 1024K, 59% used [0x00000000d5900000,0x00000000d5998000,0x00000000d5a00000)
  to   space 1024K, 0% used [0x00000000d5a00000,0x00000000d5a00000,0x00000000d5b00000)
 ParOldGen       total 358400K, used 358101K [0x0000000080000000, 0x0000000095e00000, 0x00000000d5580000)
  object space 358400K, 99% used [0x0000000080000000,0x0000000095db57f8,0x0000000095e00000)
 Metaspace       used 76156K, committed 77888K, reserved 1179648K
  class space    used 7630K, committed 8384K, reserved 1048576K
}
Event: 6196.289 GC heap before
{Heap before GC invocations=872 (full 4):
 PSYoungGen      total 4608K, used 4192K [0x00000000d5580000, 0x00000000d5b00000, 0x0000000100000000)
  eden space 3584K, 100% used [0x00000000d5580000,0x00000000d5900000,0x00000000d5900000)
  from space 1024K, 59% used [0x00000000d5900000,0x00000000d5998000,0x00000000d5a00000)
  to   space 1024K, 0% used [0x00000000d5a00000,0x00000000d5a00000,0x00000000d5b00000)
 ParOldGen       total 358400K, used 358101K [0x0000000080000000, 0x0000000095e00000, 0x00000000d5580000)
  object space 358400K, 99% used [0x0000000080000000,0x0000000095db57f8,0x0000000095e00000)
 Metaspace       used 76156K, committed 77888K, reserved 1179648K
  class space    used 7630K, committed 8384K, reserved 1048576K
}
Event: 6196.291 GC heap after
{Heap after GC invocations=872 (full 4):
 PSYoungGen      total 4608K, used 916K [0x00000000d5580000, 0x00000000d5b00000, 0x0000000100000000)
  eden space 3584K, 0% used [0x00000000d5580000,0x00000000d5580000,0x00000000d5900000)
  from space 1024K, 89% used [0x00000000d5a00000,0x00000000d5ae5200,0x00000000d5b00000)
  to   space 1024K, 0% used [0x00000000d5900000,0x00000000d5900000,0x00000000d5a00000)
 ParOldGen       total 358912K, used 358522K [0x0000000080000000, 0x0000000095e80000, 0x00000000d5580000)
  object space 358912K, 99% used [0x0000000080000000,0x0000000095e1e828,0x0000000095e80000)
 Metaspace       used 76156K, committed 77888K, reserved 1179648K
  class space    used 7630K, committed 8384K, reserved 1048576K
}
Event: 6196.303 GC heap before
{Heap before GC invocations=873 (full 4):
 PSYoungGen      total 4608K, used 4500K [0x00000000d5580000, 0x00000000d5b00000, 0x0000000100000000)
  eden space 3584K, 100% used [0x00000000d5580000,0x00000000d5900000,0x00000000d5900000)
  from space 1024K, 89% used [0x00000000d5a00000,0x00000000d5ae5200,0x00000000d5b00000)
  to   space 1024K, 0% used [0x00000000d5900000,0x00000000d5900000,0x00000000d5a00000)
 ParOldGen       total 358912K, used 358522K [0x0000000080000000, 0x0000000095e80000, 0x00000000d5580000)
  object space 358912K, 99% used [0x0000000080000000,0x0000000095e1e828,0x0000000095e80000)
 Metaspace       used 76156K, committed 77888K, reserved 1179648K
  class space    used 7630K, committed 8384K, reserved 1048576K
}
Event: 6196.304 GC heap after
{Heap after GC invocations=873 (full 4):
 PSYoungGen      total 4608K, used 480K [0x00000000d5580000, 0x00000000d5b00000, 0x0000000100000000)
  eden space 3584K, 0% used [0x00000000d5580000,0x00000000d5580000,0x00000000d5900000)
  from space 1024K, 46% used [0x00000000d5900000,0x00000000d5978000,0x00000000d5a00000)
  to   space 1024K, 0% used [0x00000000d5a00000,0x00000000d5a00000,0x00000000d5b00000)
 ParOldGen       total 359424K, used 359262K [0x0000000080000000, 0x0000000095f00000, 0x00000000d5580000)
  object space 359424K, 99% used [0x0000000080000000,0x0000000095ed7a38,0x0000000095f00000)
 Metaspace       used 76156K, committed 77888K, reserved 1179648K
  class space    used 7630K, committed 8384K, reserved 1048576K
}
Event: 6196.319 GC heap before
{Heap before GC invocations=874 (full 4):
 PSYoungGen      total 4608K, used 4064K [0x00000000d5580000, 0x00000000d5b00000, 0x0000000100000000)
  eden space 3584K, 100% used [0x00000000d5580000,0x00000000d5900000,0x00000000d5900000)
  from space 1024K, 46% used [0x00000000d5900000,0x00000000d5978000,0x00000000d5a00000)
  to   space 1024K, 0% used [0x00000000d5a00000,0x00000000d5a00000,0x00000000d5b00000)
 ParOldGen       total 359424K, used 359262K [0x0000000080000000, 0x0000000095f00000, 0x00000000d5580000)
  object space 359424K, 99% used [0x0000000080000000,0x0000000095ed7a38,0x0000000095f00000)
 Metaspace       used 76156K, committed 77888K, reserved 1179648K
  class space    used 7630K, committed 8384K, reserved 1048576K
}
Event: 6196.321 GC heap after
{Heap after GC invocations=874 (full 4):
 PSYoungGen      total 4608K, used 916K [0x00000000d5580000, 0x00000000d5b00000, 0x0000000100000000)
  eden space 3584K, 0% used [0x00000000d5580000,0x00000000d5580000,0x00000000d5900000)
  from space 1024K, 89% used [0x00000000d5a00000,0x00000000d5ae5200,0x00000000d5b00000)
  to   space 1024K, 0% used [0x00000000d5900000,0x00000000d5900000,0x00000000d5a00000)
 ParOldGen       total 359936K, used 359618K [0x0000000080000000, 0x0000000095f80000, 0x00000000d5580000)
  object space 359936K, 99% used [0x0000000080000000,0x0000000095f30a68,0x0000000095f80000)
 Metaspace       used 76156K, committed 77888K, reserved 1179648K
  class space    used 7630K, committed 8384K, reserved 1048576K
}
Event: 6196.330 GC heap before
{Heap before GC invocations=875 (full 4):
 PSYoungGen      total 4608K, used 4500K [0x00000000d5580000, 0x00000000d5b00000, 0x0000000100000000)
  eden space 3584K, 100% used [0x00000000d5580000,0x00000000d5900000,0x00000000d5900000)
  from space 1024K, 89% used [0x00000000d5a00000,0x00000000d5ae5200,0x00000000d5b00000)
  to   space 1024K, 0% used [0x00000000d5900000,0x00000000d5900000,0x00000000d5a00000)
 ParOldGen       total 359936K, used 359618K [0x0000000080000000, 0x0000000095f80000, 0x00000000d5580000)
  object space 359936K, 99% used [0x0000000080000000,0x0000000095f30a68,0x0000000095f80000)
 Metaspace       used 76157K, committed 77888K, reserved 1179648K
  class space    used 7630K, committed 8384K, reserved 1048576K
}
Event: 6196.332 GC heap after
{Heap after GC invocations=875 (full 4):
 PSYoungGen      total 4608K, used 688K [0x00000000d5580000, 0x00000000d5b00000, 0x0000000100000000)
  eden space 3584K, 0% used [0x00000000d5580000,0x00000000d5580000,0x00000000d5900000)
  from space 1024K, 67% used [0x00000000d5900000,0x00000000d59ac010,0x00000000d5a00000)
  to   space 1024K, 0% used [0x00000000d5a00000,0x00000000d5a00000,0x00000000d5b00000)
 ParOldGen       total 360448K, used 360359K [0x0000000080000000, 0x0000000096000000, 0x00000000d5580000)
  object space 360448K, 99% used [0x0000000080000000,0x0000000095fe9c78,0x0000000096000000)
 Metaspace       used 76157K, committed 77888K, reserved 1179648K
  class space    used 7630K, committed 8384K, reserved 1048576K
}
Event: 6196.342 GC heap before
{Heap before GC invocations=876 (full 4):
 PSYoungGen      total 4608K, used 4272K [0x00000000d5580000, 0x00000000d5b00000, 0x0000000100000000)
  eden space 3584K, 100% used [0x00000000d5580000,0x00000000d5900000,0x00000000d5900000)
  from space 1024K, 67% used [0x00000000d5900000,0x00000000d59ac010,0x00000000d5a00000)
  to   space 1024K, 0% used [0x00000000d5a00000,0x00000000d5a00000,0x00000000d5b00000)
 ParOldGen       total 360448K, used 360359K [0x0000000080000000, 0x0000000096000000, 0x00000000d5580000)
  object space 360448K, 99% used [0x0000000080000000,0x0000000095fe9c78,0x0000000096000000)
 Metaspace       used 76157K, committed 77888K, reserved 1179648K
  class space    used 7630K, committed 8384K, reserved 1048576K
}
Event: 6196.344 GC heap after
{Heap after GC invocations=876 (full 4):
 PSYoungGen      total 4608K, used 964K [0x00000000d5580000, 0x00000000d5b00000, 0x0000000100000000)
  eden space 3584K, 0% used [0x00000000d5580000,0x00000000d5580000,0x00000000d5900000)
  from space 1024K, 94% used [0x00000000d5a00000,0x00000000d5af1210,0x00000000d5b00000)
  to   space 1024K, 0% used [0x00000000d5900000,0x00000000d5900000,0x00000000d5a00000)
 ParOldGen       total 360960K, used 360659K [0x0000000080000000, 0x0000000096080000, 0x00000000d5580000)
  object space 360960K, 99% used [0x0000000080000000,0x0000000096034ca8,0x0000000096080000)
 Metaspace       used 76157K, committed 77888K, reserved 1179648K
  class space    used 7630K, committed 8384K, reserved 1048576K
}
Event: 6196.357 GC heap before
{Heap before GC invocations=877 (full 4):
 PSYoungGen      total 4608K, used 4548K [0x00000000d5580000, 0x00000000d5b00000, 0x0000000100000000)
  eden space 3584K, 100% used [0x00000000d5580000,0x00000000d5900000,0x00000000d5900000)
  from space 1024K, 94% used [0x00000000d5a00000,0x00000000d5af1210,0x00000000d5b00000)
  to   space 1024K, 0% used [0x00000000d5900000,0x00000000d5900000,0x00000000d5a00000)
 ParOldGen       total 360960K, used 360659K [0x0000000080000000, 0x0000000096080000, 0x00000000d5580000)
  object space 360960K, 99% used [0x0000000080000000,0x0000000096034ca8,0x0000000096080000)
 Metaspace       used 76157K, committed 77888K, reserved 1179648K
  class space    used 7630K, committed 8384K, reserved 1048576K
}
Event: 6196.358 GC heap after
{Heap after GC invocations=877 (full 4):
 PSYoungGen      total 4608K, used 608K [0x00000000d5580000, 0x00000000d5b00000, 0x0000000100000000)
  eden space 3584K, 0% used [0x00000000d5580000,0x00000000d5580000,0x00000000d5900000)
  from space 1024K, 59% used [0x00000000d5900000,0x00000000d5998000,0x00000000d5a00000)
  to   space 1024K, 0% used [0x00000000d5a00000,0x00000000d5a00000,0x00000000d5b00000)
 ParOldGen       total 361472K, used 361423K [0x0000000080000000, 0x0000000096100000, 0x00000000d5580000)
  object space 361472K, 99% used [0x0000000080000000,0x00000000960f3eb8,0x0000000096100000)
 Metaspace       used 76157K, committed 77888K, reserved 1179648K
  class space    used 7630K, committed 8384K, reserved 1048576K
}

