# JRE version: OpenJDK Runtime Environment Temurin-21.0.11+10 (21.0.11+10) (build 21.0.11+10-LTS)
# Java VM: OpenJDK 64-Bit Server VM Temurin-21.0.11+10 (21.0.11+10-LTS, mixed mode, sharing, tiered, compressed oops, compressed class ptrs, parallel gc, windows-amd64)
GC Precious Log:
 CardTable entry size: 512
 CPUs: 16 total, 16 available
 Memory: 16068M
 Large Page Support: Disabled
 NUMA Support: Disabled
 Compressed Oops: Enabled (32-bit)
 Alignments: Space 512K, Generation 512K, Heap 2M
 Heap Min Capacity: 100M
 Heap Initial Capacity: 100M
 Heap Max Capacity: 2G
 Pre-touch: Disabled
 Parallel Workers: 13
Heap:
 PSYoungGen      total 5632K, used 2505K [0x00000000d5580000, 0x00000000d5d80000, 0x0000000100000000)
  eden space 4608K, 32% used [0x00000000d5580000,0x00000000d56fa4e0,0x00000000d5a00000)
  from space 1024K, 96% used [0x00000000d5b80000,0x00000000d5c78000,0x00000000d5c80000)
  to   space 1024K, 0% used [0x00000000d5c80000,0x00000000d5c80000,0x00000000d5d80000)
 ParOldGen       total 1063424K, used 1063055K [0x0000000080000000, 0x00000000c0e80000, 0x00000000d5580000)
  object space 1063424K, 99% used [0x0000000080000000,0x00000000c0e23e48,0x00000000c0e80000)
 Metaspace       used 86978K, committed 88704K, reserved 1179648K
  class space    used 8955K, committed 9728K, reserved 1048576K
GC Heap History (20 events):
Event: 3039.321 GC heap before
{Heap before GC invocations=834 (full 5):
 PSYoungGen      total 5120K, used 5024K [0x00000000d5580000, 0x00000000d5b80000, 0x0000000100000000)
  eden space 4608K, 100% used [0x00000000d5580000,0x00000000d5a00000,0x00000000d5a00000)
  from space 512K, 81% used [0x00000000d5b00000,0x00000000d5b68000,0x00000000d5b80000)
  to   space 512K, 0% used [0x00000000d5a80000,0x00000000d5a80000,0x00000000d5b00000)
 ParOldGen       total 1057792K, used 1057398K [0x0000000080000000, 0x00000000c0900000, 0x00000000d5580000)
  object space 1057792K, 99% used [0x0000000080000000,0x00000000c089da30,0x00000000c0900000)
 Metaspace       used 83984K, committed 85760K, reserved 1179648K
  class space    used 8634K, committed 9472K, reserved 1048576K
}
Event: 3039.323 GC heap after
{Heap after GC invocations=834 (full 5):
 PSYoungGen      total 5120K, used 503K [0x00000000d5580000, 0x00000000d6200000, 0x0000000100000000)
  eden space 4608K, 0% used [0x00000000d5580000,0x00000000d5580000,0x00000000d5a00000)
  from space 512K, 98% used [0x00000000d5a80000,0x00000000d5afdcc8,0x00000000d5b00000)
  to   space 4096K, 0% used [0x00000000d5e00000,0x00000000d5e00000,0x00000000d6200000)
 ParOldGen       total 1060352K, used 1060064K [0x0000000080000000, 0x00000000c0b80000, 0x00000000d5580000)
  object space 1060352K, 99% used [0x0000000080000000,0x00000000c0b383e8,0x00000000c0b80000)
 Metaspace       used 83984K, committed 85760K, reserved 1179648K
  class space    used 8634K, committed 9472K, reserved 1048576K
}
Event: 3039.470 GC heap before
{Heap before GC invocations=835 (full 5):
 PSYoungGen      total 5120K, used 5111K [0x00000000d5580000, 0x00000000d6200000, 0x0000000100000000)
  eden space 4608K, 100% used [0x00000000d5580000,0x00000000d5a00000,0x00000000d5a00000)
  from space 512K, 98% used [0x00000000d5a80000,0x00000000d5afdcc8,0x00000000d5b00000)
  to   space 4096K, 0% used [0x00000000d5e00000,0x00000000d5e00000,0x00000000d6200000)
 ParOldGen       total 1060352K, used 1060064K [0x0000000080000000, 0x00000000c0b80000, 0x00000000d5580000)
  object space 1060352K, 99% used [0x0000000080000000,0x00000000c0b383e8,0x00000000c0b80000)
 Metaspace       used 84518K, committed 86272K, reserved 1179648K
  class space    used 8709K, committed 9536K, reserved 1048576K
}
Event: 3039.474 GC heap after
{Heap after GC invocations=835 (full 5):
 PSYoungGen      total 5632K, used 608K [0x00000000d5580000, 0x00000000d5f00000, 0x0000000100000000)
  eden space 4608K, 0% used [0x00000000d5580000,0x00000000d5580000,0x00000000d5a00000)
  from space 1024K, 59% used [0x00000000d5e00000,0x00000000d5e98000,0x00000000d5f00000)
  to   space 1536K, 0% used [0x00000000d5c00000,0x00000000d5c00000,0x00000000d5d80000)
 ParOldGen       total 1060352K, used 1060272K [0x0000000080000000, 0x00000000c0b80000, 0x00000000d5580000)
  object space 1060352K, 99% used [0x0000000080000000,0x00000000c0b6c3e8,0x00000000c0b80000)
 Metaspace       used 84518K, committed 86272K, reserved 1179648K
  class space    used 8709K, committed 9536K, reserved 1048576K
}
Event: 3039.641 GC heap before
{Heap before GC invocations=836 (full 5):
 PSYoungGen      total 5632K, used 5198K [0x00000000d5580000, 0x00000000d5f00000, 0x0000000100000000)
  eden space 4608K, 99% used [0x00000000d5580000,0x00000000d59fba78,0x00000000d5a00000)
  from space 1024K, 59% used [0x00000000d5e00000,0x00000000d5e98000,0x00000000d5f00000)
  to   space 1536K, 0% used [0x00000000d5c00000,0x00000000d5c00000,0x00000000d5d80000)
 ParOldGen       total 1060352K, used 1060272K [0x0000000080000000, 0x00000000c0b80000, 0x00000000d5580000)
  object space 1060352K, 99% used [0x0000000080000000,0x00000000c0b6c3e8,0x00000000c0b80000)
 Metaspace       used 85142K, committed 86912K, reserved 1179648K
  class space    used 8802K, committed 9600K, reserved 1048576K
}
Event: 3039.642 GC heap after
{Heap after GC invocations=836 (full 5):
 PSYoungGen      total 6144K, used 427K [0x00000000d5580000, 0x00000000d5e80000, 0x0000000100000000)
  eden space 4608K, 0% used [0x00000000d5580000,0x00000000d5580000,0x00000000d5a00000)
  from space 1536K, 27% used [0x00000000d5c00000,0x00000000d5c6ae98,0x00000000d5d80000)
  to   space 1024K, 0% used [0x00000000d5d80000,0x00000000d5d80000,0x00000000d5e80000)
 ParOldGen       total 1060864K, used 1060600K [0x0000000080000000, 0x00000000c0c00000, 0x00000000d5580000)
  object space 1060864K, 99% used [0x0000000080000000,0x00000000c0bbe3f8,0x00000000c0c00000)
 Metaspace       used 85142K, committed 86912K, reserved 1179648K
  class space    used 8802K, committed 9600K, reserved 1048576K
}
Event: 3039.696 GC heap before
{Heap before GC invocations=837 (full 5):
 PSYoungGen      total 6144K, used 5035K [0x00000000d5580000, 0x00000000d5e80000, 0x0000000100000000)
  eden space 4608K, 100% used [0x00000000d5580000,0x00000000d5a00000,0x00000000d5a00000)
  from space 1536K, 27% used [0x00000000d5c00000,0x00000000d5c6ae98,0x00000000d5d80000)
  to   space 1024K, 0% used [0x00000000d5d80000,0x00000000d5d80000,0x00000000d5e80000)
 ParOldGen       total 1060864K, used 1060600K [0x0000000080000000, 0x00000000c0c00000, 0x00000000d5580000)
  object space 1060864K, 99% used [0x0000000080000000,0x00000000c0bbe3f8,0x00000000c0c00000)
 Metaspace       used 85865K, committed 87616K, reserved 1179648K
  class space    used 8871K, committed 9664K, reserved 1048576K
}
Event: 3039.698 GC heap after
{Heap after GC invocations=837 (full 5):
 PSYoungGen      total 5120K, used 368K [0x00000000d5580000, 0x00000000d5e00000, 0x0000000100000000)
  eden space 4608K, 0% used [0x00000000d5580000,0x00000000d5580000,0x00000000d5a00000)
  from space 512K, 71% used [0x00000000d5d80000,0x00000000d5ddc010,0x00000000d5e00000)
  to   space 512K, 0% used [0x00000000d5d00000,0x00000000d5d00000,0x00000000d5d80000)
 ParOldGen       total 1060864K, used 1060840K [0x0000000080000000, 0x00000000c0c00000, 0x00000000d5580000)
  object space 1060864K, 99% used [0x0000000080000000,0x00000000c0bfa3a8,0x00000000c0c00000)
 Metaspace       used 85865K, committed 87616K, reserved 1179648K
  class space    used 8871K, committed 9664K, reserved 1048576K
}
Event: 3039.747 GC heap before
{Heap before GC invocations=838 (full 5):
 PSYoungGen      total 5120K, used 4976K [0x00000000d5580000, 0x00000000d5e00000, 0x0000000100000000)
  eden space 4608K, 100% used [0x00000000d5580000,0x00000000d5a00000,0x00000000d5a00000)
  from space 512K, 71% used [0x00000000d5d80000,0x00000000d5ddc010,0x00000000d5e00000)
  to   space 512K, 0% used [0x00000000d5d00000,0x00000000d5d00000,0x00000000d5d80000)
 ParOldGen       total 1060864K, used 1060840K [0x0000000080000000, 0x00000000c0c00000, 0x00000000d5580000)
  object space 1060864K, 99% used [0x0000000080000000,0x00000000c0bfa3a8,0x00000000c0c00000)
 Metaspace       used 86506K, committed 88256K, reserved 1179648K
  class space    used 8924K, committed 9728K, reserved 1048576K
}
Event: 3039.748 GC heap after
{Heap after GC invocations=838 (full 5):
 PSYoungGen      total 5120K, used 416K [0x00000000d5580000, 0x00000000d5e00000, 0x0000000100000000)
  eden space 4608K, 0% used [0x00000000d5580000,0x00000000d5580000,0x00000000d5a00000)
  from space 512K, 81% used [0x00000000d5d00000,0x00000000d5d68000,0x00000000d5d80000)
  to   space 512K, 0% used [0x00000000d5d80000,0x00000000d5d80000,0x00000000d5e00000)
 ParOldGen       total 1061376K, used 1061000K [0x0000000080000000, 0x00000000c0c80000, 0x00000000d5580000)
  object space 1061376K, 99% used [0x0000000080000000,0x00000000c0c223b8,0x00000000c0c80000)
 Metaspace       used 86506K, committed 88256K, reserved 1179648K
  class space    used 8924K, committed 9728K, reserved 1048576K
}
Event: 3039.801 GC heap before
{Heap before GC invocations=839 (full 5):
 PSYoungGen      total 5120K, used 4970K [0x00000000d5580000, 0x00000000d5e00000, 0x0000000100000000)
  eden space 4608K, 98% used [0x00000000d5580000,0x00000000d59f2be8,0x00000000d5a00000)
  from space 512K, 81% used [0x00000000d5d00000,0x00000000d5d68000,0x00000000d5d80000)
  to   space 512K, 0% used [0x00000000d5d80000,0x00000000d5d80000,0x00000000d5e00000)
 ParOldGen       total 1061376K, used 1061000K [0x0000000080000000, 0x00000000c0c80000, 0x00000000d5580000)
  object space 1061376K, 99% used [0x0000000080000000,0x00000000c0c223b8,0x00000000c0c80000)
 Metaspace       used 86686K, committed 88448K, reserved 1179648K
  class space    used 8932K, committed 9728K, reserved 1048576K
}
Event: 3039.803 GC heap after
{Heap after GC invocations=839 (full 5):
 PSYoungGen      total 5120K, used 446K [0x00000000d5580000, 0x00000000d5e00000, 0x0000000100000000)
  eden space 4608K, 0% used [0x00000000d5580000,0x00000000d5580000,0x00000000d5a00000)
  from space 512K, 87% used [0x00000000d5d80000,0x00000000d5defb88,0x00000000d5e00000)
  to   space 512K, 0% used [0x00000000d5d00000,0x00000000d5d00000,0x00000000d5d80000)
 ParOldGen       total 1061376K, used 1061128K [0x0000000080000000, 0x00000000c0c80000, 0x00000000d5580000)
  object space 1061376K, 99% used [0x0000000080000000,0x00000000c0c423b8,0x00000000c0c80000)
 Metaspace       used 86686K, committed 88448K, reserved 1179648K
  class space    used 8932K, committed 9728K, reserved 1048576K
}
Event: 4122.214 GC heap before
{Heap before GC invocations=840 (full 5):
 PSYoungGen      total 5120K, used 5054K [0x00000000d5580000, 0x00000000d5e00000, 0x0000000100000000)
  eden space 4608K, 100% used [0x00000000d5580000,0x00000000d5a00000,0x00000000d5a00000)
  from space 512K, 87% used [0x00000000d5d80000,0x00000000d5defb88,0x00000000d5e00000)
  to   space 512K, 0% used [0x00000000d5d00000,0x00000000d5d00000,0x00000000d5d80000)
 ParOldGen       total 1061376K, used 1061128K [0x0000000080000000, 0x00000000c0c80000, 0x00000000d5580000)
  object space 1061376K, 99% used [0x0000000080000000,0x00000000c0c423b8,0x00000000c0c80000)
 Metaspace       used 86910K, committed 88640K, reserved 1179648K
  class space    used 8955K, committed 9728K, reserved 1048576K
}
Event: 4122.216 GC heap after
{Heap after GC invocations=840 (full 5):
 PSYoungGen      total 5120K, used 506K [0x00000000d5580000, 0x00000000d5e00000, 0x0000000100000000)
  eden space 4608K, 0% used [0x00000000d5580000,0x00000000d5580000,0x00000000d5a00000)
  from space 512K, 98% used [0x00000000d5d00000,0x00000000d5d7e920,0x00000000d5d80000)
  to   space 512K, 0% used [0x00000000d5d80000,0x00000000d5d80000,0x00000000d5e00000)
 ParOldGen       total 1061888K, used 1061379K [0x0000000080000000, 0x00000000c0d00000, 0x00000000d5580000)
  object space 1061888K, 99% used [0x0000000080000000,0x00000000c0c80cb8,0x00000000c0d00000)
 Metaspace       used 86910K, committed 88640K, reserved 1179648K
  class space    used 8955K, committed 9728K, reserved 1048576K
}
Event: 4122.325 GC heap before
{Heap before GC invocations=841 (full 5):
 PSYoungGen      total 5120K, used 5114K [0x00000000d5580000, 0x00000000d5e00000, 0x0000000100000000)
  eden space 4608K, 100% used [0x00000000d5580000,0x00000000d5a00000,0x00000000d5a00000)
  from space 512K, 98% used [0x00000000d5d00000,0x00000000d5d7e920,0x00000000d5d80000)
  to   space 512K, 0% used [0x00000000d5d80000,0x00000000d5d80000,0x00000000d5e00000)
 ParOldGen       total 1061888K, used 1061379K [0x0000000080000000, 0x00000000c0d00000, 0x00000000d5580000)
  object space 1061888K, 99% used [0x0000000080000000,0x00000000c0c80cb8,0x00000000c0d00000)
 Metaspace       used 86937K, committed 88704K, reserved 1179648K
  class space    used 8955K, committed 9728K, reserved 1048576K
}
Event: 4122.327 GC heap after
{Heap after GC invocations=841 (full 5):
 PSYoungGen      total 5120K, used 480K [0x00000000d5580000, 0x00000000d5e00000, 0x0000000100000000)
  eden space 4608K, 0% used [0x00000000d5580000,0x00000000d5580000,0x00000000d5a00000)
  from space 512K, 93% used [0x00000000d5d80000,0x00000000d5df8020,0x00000000d5e00000)
  to   space 1536K, 0% used [0x00000000d5b00000,0x00000000d5b00000,0x00000000d5c80000)
 ParOldGen       total 1062400K, used 1062198K [0x0000000080000000, 0x00000000c0d80000, 0x00000000d5580000)
  object space 1062400K, 99% used [0x0000000080000000,0x00000000c0d4d940,0x00000000c0d80000)
 Metaspace       used 86937K, committed 88704K, reserved 1179648K
  class space    used 8955K, committed 9728K, reserved 1048576K
}
Event: 4122.720 GC heap before
{Heap before GC invocations=842 (full 5):
 PSYoungGen      total 5120K, used 5088K [0x00000000d5580000, 0x00000000d5e00000, 0x0000000100000000)
  eden space 4608K, 99% used [0x00000000d5580000,0x00000000d59ffff8,0x00000000d5a00000)
  from space 512K, 93% used [0x00000000d5d80000,0x00000000d5df8020,0x00000000d5e00000)
  to   space 1536K, 0% used [0x00000000d5b00000,0x00000000d5b00000,0x00000000d5c80000)
 ParOldGen       total 1062400K, used 1062198K [0x0000000080000000, 0x00000000c0d80000, 0x00000000d5580000)
  object space 1062400K, 99% used [0x0000000080000000,0x00000000c0d4d940,0x00000000c0d80000)
 Metaspace       used 86942K, committed 88704K, reserved 1179648K
  class space    used 8955K, committed 9728K, reserved 1048576K
}
Event: 4122.722 GC heap after
{Heap after GC invocations=842 (full 5):
 PSYoungGen      total 6144K, used 634K [0x00000000d5580000, 0x00000000d5e00000, 0x0000000100000000)
  eden space 4608K, 0% used [0x00000000d5580000,0x00000000d5580000,0x00000000d5a00000)
  from space 1536K, 41% used [0x00000000d5b00000,0x00000000d5b9e920,0x00000000d5c80000)
  to   space 1024K, 0% used [0x00000000d5d00000,0x00000000d5d00000,0x00000000d5e00000)
 ParOldGen       total 1062912K, used 1062690K [0x0000000080000000, 0x00000000c0e00000, 0x00000000d5580000)
  object space 1062912K, 99% used [0x0000000080000000,0x00000000c0dc8bf8,0x00000000c0e00000)
 Metaspace       used 86942K, committed 88704K, reserved 1179648K
  class space    used 8955K, committed 9728K, reserved 1048576K
}
Event: 5490.173 GC heap before
{Heap before GC invocations=843 (full 5):
 PSYoungGen      total 6144K, used 5242K [0x00000000d5580000, 0x00000000d5e00000, 0x0000000100000000)
  eden space 4608K, 99% used [0x00000000d5580000,0x00000000d59ffff0,0x00000000d5a00000)
  from space 1536K, 41% used [0x00000000d5b00000,0x00000000d5b9e920,0x00000000d5c80000)
  to   space 1024K, 0% used [0x00000000d5d00000,0x00000000d5d00000,0x00000000d5e00000)
 ParOldGen       total 1062912K, used 1062690K [0x0000000080000000, 0x00000000c0e00000, 0x00000000d5580000)
  object space 1062912K, 99% used [0x0000000080000000,0x00000000c0dc8bf8,0x00000000c0e00000)
 Metaspace       used 86943K, committed 88704K, reserved 1179648K
  class space    used 8955K, committed 9728K, reserved 1048576K
}
Event: 5490.178 GC heap after
{Heap after GC invocations=843 (full 5):
 PSYoungGen      total 5120K, used 506K [0x00000000d5580000, 0x00000000d5d80000, 0x0000000100000000)
  eden space 4608K, 0% used [0x00000000d5580000,0x00000000d5580000,0x00000000d5a00000)
  from space 512K, 98% used [0x00000000d5d00000,0x00000000d5d7e920,0x00000000d5d80000)
  to   space 1024K, 0% used [0x00000000d5b80000,0x00000000d5b80000,0x00000000d5c80000)
 ParOldGen       total 1062912K, used 1062803K [0x0000000080000000, 0x00000000c0e00000, 0x00000000d5580000)
  object space 1062912K, 99% used [0x0000000080000000,0x00000000c0de4c18,0x00000000c0e00000)
 Metaspace       used 86943K, committed 88704K, reserved 1179648K
  class space    used 8955K, committed 9728K, reserved 1048576K
}

